{"C:\\Users\\sivag\\Desktop\\FSD\\full-stack project\\frontend\\src\\components\\Navigation.js": {"path":"C:\\Users\\sivag\\Desktop\\FSD\\full-stack project\\frontend\\src\\components\\Navigation.js","statementMap":{"0":{"start":{"line":8,"column":19},"end":{"line":136,"column":1}},"1":{"start":{"line":9,"column":36},"end":{"line":9,"column":68}},"2":{"start":{"line":9,"column":57},"end":{"line":9,"column":67}},"3":{"start":{"line":10,"column":19},"end":{"line":10,"column":32}},"4":{"start":{"line":11,"column":19},"end":{"line":11,"column":32}},"5":{"start":{"line":12,"column":19},"end":{"line":12,"column":32}},"6":{"start":{"line":13,"column":30},"end":{"line":13,"column":45}},"7":{"start":{"line":14,"column":34},"end":{"line":14,"column":49}},"8":{"start":{"line":16,"column":2},"end":{"line":22,"column":9}},"9":{"start":{"line":17,"column":25},"end":{"line":19,"column":5}},"10":{"start":{"line":18,"column":6},"end":{"line":18,"column":39}},"11":{"start":{"line":20,"column":4},"end":{"line":20,"column":52}},"12":{"start":{"line":21,"column":4},"end":{"line":21,"column":68}},"13":{"start":{"line":21,"column":17},"end":{"line":21,"column":67}},"14":{"start":{"line":24,"column":2},"end":{"line":26,"column":26}},"15":{"start":{"line":25,"column":4},"end":{"line":25,"column":21}},"16":{"start":{"line":28,"column":23},"end":{"line":34,"column":3}},"17":{"start":{"line":29,"column":4},"end":{"line":31,"column":22}},"18":{"start":{"line":30,"column":6},"end":{"line":30,"column":29}},"19":{"start":{"line":32,"column":4},"end":{"line":32,"column":23}},"20":{"start":{"line":33,"column":4},"end":{"line":33,"column":18}},"21":{"start":{"line":36,"column":19},"end":{"line":38,"column":4}},"22":{"start":{"line":40,"column":20},"end":{"line":46,"column":3}},"23":{"start":{"line":41,"column":4},"end":{"line":45,"column":6}},"24":{"start":{"line":48,"column":2},"end":{"line":135,"column":4}},"25":{"start":{"line":106,"column":25},"end":{"line":106,"column":43}}},"fnMap":{"0":{"name":"(anonymous_0)","decl":{"start":{"line":8,"column":19},"end":{"line":8,"column":20}},"loc":{"start":{"line":8,"column":25},"end":{"line":136,"column":1}},"line":8},"1":{"name":"(anonymous_1)","decl":{"start":{"line":9,"column":48},"end":{"line":9,"column":49}},"loc":{"start":{"line":9,"column":57},"end":{"line":9,"column":67}},"line":9},"2":{"name":"(anonymous_2)","decl":{"start":{"line":16,"column":12},"end":{"line":16,"column":13}},"loc":{"start":{"line":16,"column":18},"end":{"line":22,"column":3}},"line":16},"3":{"name":"(anonymous_3)","decl":{"start":{"line":17,"column":25},"end":{"line":17,"column":26}},"loc":{"start":{"line":17,"column":31},"end":{"line":19,"column":5}},"line":17},"4":{"name":"(anonymous_4)","decl":{"start":{"line":21,"column":11},"end":{"line":21,"column":12}},"loc":{"start":{"line":21,"column":17},"end":{"line":21,"column":67}},"line":21},"5":{"name":"(anonymous_5)","decl":{"start":{"line":24,"column":12},"end":{"line":24,"column":13}},"loc":{"start":{"line":24,"column":18},"end":{"line":26,"column":3}},"line":24},"6":{"name":"(anonymous_6)","decl":{"start":{"line":28,"column":23},"end":{"line":28,"column":24}},"loc":{"start":{"line":28,"column":35},"end":{"line":34,"column":3}},"line":28},"7":{"name":"(anonymous_7)","decl":{"start":{"line":40,"column":20},"end":{"line":40,"column":21}},"loc":{"start":{"line":41,"column":4},"end":{"line":45,"column":6}},"line":41},"8":{"name":"(anonymous_8)","decl":{"start":{"line":106,"column":19},"end":{"line":106,"column":20}},"loc":{"start":{"line":106,"column":25},"end":{"line":106,"column":43}},"line":106}},"branchMap":{"0":{"loc":{"start":{"line":37,"column":4},"end":{"line":37,"column":61}},"type":"cond-expr","locations":[{"start":{"line":37,"column":15},"end":{"line":37,"column":37}},{"start":{"line":37,"column":40},"end":{"line":37,"column":61}}],"line":37},"1":{"loc":{"start":{"line":42,"column":6},"end":{"line":44,"column":39}},"type":"cond-expr","locations":[{"start":{"line":43,"column":10},"end":{"line":43,"column":21}},{"start":{"line":44,"column":10},"end":{"line":44,"column":39}}],"line":42},"2":{"loc":{"start":{"line":70,"column":11},"end":{"line":100,"column":11}},"type":"cond-expr","locations":[{"start":{"line":71,"column":12},"end":{"line":90,"column":18}},{"start":{"line":92,"column":12},"end":{"line":99,"column":18}}],"line":70},"3":{"loc":{"start":{"line":77,"column":20},"end":{"line":77,"column":83}},"type":"cond-expr","locations":[{"start":{"line":77,"column":45},"end":{"line":77,"column":63}},{"start":{"line":77,"column":66},"end":{"line":77,"column":83}}],"line":77},"4":{"loc":{"start":{"line":80,"column":47},"end":{"line":80,"column":93}},"type":"cond-expr","locations":[{"start":{"line":80,"column":72},"end":{"line":80,"column":79}},{"start":{"line":80,"column":82},"end":{"line":80,"column":93}}],"line":80},"5":{"loc":{"start":{"line":108,"column":11},"end":{"line":108,"column":56}},"type":"cond-expr","locations":[{"start":{"line":108,"column":20},"end":{"line":108,"column":35}},{"start":{"line":108,"column":38},"end":{"line":108,"column":56}}],"line":108},"6":{"loc":{"start":{"line":113,"column":7},"end":{"line":133,"column":7}},"type":"binary-expr","locations":[{"start":{"line":113,"column":7},"end":{"line":113,"column":13}},{"start":{"line":114,"column":8},"end":{"line":132,"column":14}}],"line":113},"7":{"loc":{"start":{"line":121,"column":11},"end":{"line":131,"column":11}},"type":"cond-expr","locations":[{"start":{"line":122,"column":12},"end":{"line":125,"column":15}},{"start":{"line":127,"column":12},"end":{"line":130,"column":15}}],"line":121}},"s":{"0":1,"1":1,"2":2,"3":1,"4":1,"5":1,"6":1,"7":1,"8":1,"9":1,"10":0,"11":1,"12":1,"13":1,"14":1,"15":1,"16":1,"17":0,"18":0,"19":0,"20":0,"21":1,"22":1,"23":3,"24":1,"25":0},"f":{"0":1,"1":2,"2":1,"3":0,"4":1,"5":1,"6":0,"7":3,"8":0},"b":{"0":[0,1],"1":[0,3],"2":[0,1],"3":[0,0],"4":[0,0],"5":[0,1],"6":[1,0],"7":[0,0]},"_coverageSchema":"1a1c01bbd47fc00a2c39e90264f33305004495a9","hash":"ebba3c2abbd41663393b6e688fd7558de396d18b"}
,"C:\\Users\\sivag\\Desktop\\FSD\\full-stack project\\frontend\\src\\redux\\authSlice.js": {"path":"C:\\Users\\sivag\\Desktop\\FSD\\full-stack project\\frontend\\src\\redux\\authSlice.js","statementMap":{"0":{"start":{"line":3,"column":21},"end":{"line":9,"column":1}},"1":{"start":{"line":11,"column":18},"end":{"line":37,"column":2}},"2":{"start":{"line":16,"column":6},"end":{"line":16,"column":37}},"3":{"start":{"line":19,"column":6},"end":{"line":19,"column":39}},"4":{"start":{"line":20,"column":6},"end":{"line":20,"column":41}},"5":{"start":{"line":21,"column":6},"end":{"line":21,"column":35}},"6":{"start":{"line":22,"column":6},"end":{"line":22,"column":58}},"7":{"start":{"line":25,"column":6},"end":{"line":25,"column":24}},"8":{"start":{"line":26,"column":6},"end":{"line":26,"column":25}},"9":{"start":{"line":27,"column":6},"end":{"line":27,"column":36}},"10":{"start":{"line":28,"column":6},"end":{"line":28,"column":39}},"11":{"start":{"line":31,"column":6},"end":{"line":31,"column":35}},"12":{"start":{"line":34,"column":6},"end":{"line":34,"column":25}},"13":{"start":{"line":39,"column":69},"end":{"line":39,"column":86}}},"fnMap":{"0":{"name":"(anonymous_0)","decl":{"start":{"line":15,"column":16},"end":{"line":15,"column":17}},"loc":{"start":{"line":15,"column":35},"end":{"line":17,"column":5}},"line":15},"1":{"name":"(anonymous_1)","decl":{"start":{"line":18,"column":13},"end":{"line":18,"column":14}},"loc":{"start":{"line":18,"column":32},"end":{"line":23,"column":5}},"line":18},"2":{"name":"(anonymous_2)","decl":{"start":{"line":24,"column":12},"end":{"line":24,"column":13}},"loc":{"start":{"line":24,"column":23},"end":{"line":29,"column":5}},"line":24},"3":{"name":"(anonymous_3)","decl":{"start":{"line":30,"column":14},"end":{"line":30,"column":15}},"loc":{"start":{"line":30,"column":33},"end":{"line":32,"column":5}},"line":30},"4":{"name":"(anonymous_4)","decl":{"start":{"line":33,"column":16},"end":{"line":33,"column":17}},"loc":{"start":{"line":33,"column":27},"end":{"line":35,"column":5}},"line":33}},"branchMap":{"0":{"loc":{"start":{"line":5,"column":9},"end":{"line":5,"column":46}},"type":"binary-expr","locations":[{"start":{"line":5,"column":9},"end":{"line":5,"column":38}},{"start":{"line":5,"column":42},"end":{"line":5,"column":46}}],"line":5}},"s":{"0":1,"1":1,"2":0,"3":0,"4":0,"5":0,"6":0,"7":0,"8":0,"9":0,"10":0,"11":0,"12":0,"13":1},"f":{"0":0,"1":0,"2":0,"3":0,"4":0},"b":{"0":[1,1]},"_coverageSchema":"1a1c01bbd47fc00a2c39e90264f33305004495a9","hash":"83d0cb06c4f46f5f99f276664fd5abbfedd003bf"}
,"C:\\Users\\sivag\\Desktop\\FSD\\full-stack project\\frontend\\src\\services\\api.js": {"path":"C:\\Users\\sivag\\Desktop\\FSD\\full-stack project\\frontend\\src\\services\\api.js","statementMap":{"0":{"start":{"line":4,"column":20},"end":{"line":10,"column":1}},"1":{"start":{"line":5,"column":2},"end":{"line":9,"column":3}},"2":{"start":{"line":6,"column":4},"end":{"line":6,"column":48}},"3":{"start":{"line":8,"column":4},"end":{"line":8,"column":21}},"4":{"start":{"line":12,"column":16},"end":{"line":12,"column":35}},"5":{"start":{"line":13,"column":16},"end":{"line":13,"column":80}},"6":{"start":{"line":14,"column":24},"end":{"line":14,"column":68}},"7":{"start":{"line":15,"column":14},"end":{"line":15,"column":96}},"8":{"start":{"line":16,"column":26},"end":{"line":16,"column":44}},"9":{"start":{"line":17,"column":25},"end":{"line":17,"column":87}},"10":{"start":{"line":19,"column":23},"end":{"line":39,"column":1}},"11":{"start":{"line":20,"column":21},"end":{"line":20,"column":42}},"12":{"start":{"line":21,"column":18},"end":{"line":21,"column":59}},"13":{"start":{"line":21,"column":35},"end":{"line":21,"column":53}},"14":{"start":{"line":23,"column":2},"end":{"line":36,"column":3}},"15":{"start":{"line":24,"column":21},"end":{"line":27,"column":6}},"16":{"start":{"line":29,"column":4},"end":{"line":31,"column":5}},"17":{"start":{"line":30,"column":6},"end":{"line":30,"column":44}},"18":{"start":{"line":33,"column":4},"end":{"line":33,"column":16}},"19":{"start":{"line":35,"column":4},"end":{"line":35,"column":26}},"20":{"start":{"line":38,"column":2},"end":{"line":38,"column":14}},"21":{"start":{"line":41,"column":26},"end":{"line":64,"column":1}},"22":{"start":{"line":42,"column":2},"end":{"line":44,"column":3}},"23":{"start":{"line":43,"column":4},"end":{"line":43,"column":18}},"24":{"start":{"line":46,"column":24},"end":{"line":46,"column":72}},"25":{"start":{"line":47,"column":2},"end":{"line":49,"column":3}},"26":{"start":{"line":48,"column":4},"end":{"line":48,"column":25}},"27":{"start":{"line":51,"column":25},"end":{"line":52,"column":110}},"28":{"start":{"line":52,"column":39},"end":{"line":52,"column":109}},"29":{"start":{"line":54,"column":24},"end":{"line":54,"column":74}},"30":{"start":{"line":54,"column":53},"end":{"line":54,"column":73}},"31":{"start":{"line":55,"column":23},"end":{"line":55,"column":55}},"32":{"start":{"line":56,"column":28},"end":{"line":56,"column":54}},"33":{"start":{"line":58,"column":2},"end":{"line":61,"column":3}},"34":{"start":{"line":59,"column":4},"end":{"line":59,"column":72}},"35":{"start":{"line":60,"column":4},"end":{"line":60,"column":29}},"36":{"start":{"line":63,"column":2},"end":{"line":63,"column":16}},"37":{"start":{"line":66,"column":29},"end":{"line":66,"column":33}},"38":{"start":{"line":67,"column":27},"end":{"line":81,"column":1}},"39":{"start":{"line":68,"column":2},"end":{"line":70,"column":3}},"40":{"start":{"line":69,"column":4},"end":{"line":69,"column":44}},"41":{"start":{"line":72,"column":2},"end":{"line":74,"column":3}},"42":{"start":{"line":73,"column":4},"end":{"line":73,"column":35}},"43":{"start":{"line":76,"column":2},"end":{"line":78,"column":3}},"44":{"start":{"line":77,"column":4},"end":{"line":77,"column":49}},"45":{"start":{"line":80,"column":2},"end":{"line":80,"column":32}},"46":{"start":{"line":83,"column":34},"end":{"line":83,"column":80}},"47":{"start":{"line":83,"column":40},"end":{"line":83,"column":80}},"48":{"start":{"line":83,"column":73},"end":{"line":83,"column":79}},"49":{"start":{"line":85,"column":12},"end":{"line":88,"column":2}},"50":{"start":{"line":90,"column":27},"end":{"line":106,"column":1}},"51":{"start":{"line":91,"column":26},"end":{"line":91,"column":56}},"52":{"start":{"line":93,"column":2},"end":{"line":95,"column":3}},"53":{"start":{"line":94,"column":4},"end":{"line":94,"column":27}},"54":{"start":{"line":97,"column":2},"end":{"line":99,"column":3}},"55":{"start":{"line":98,"column":4},"end":{"line":98,"column":72}},"56":{"start":{"line":101,"column":2},"end":{"line":103,"column":3}},"57":{"start":{"line":102,"column":4},"end":{"line":102,"column":81}},"58":{"start":{"line":105,"column":2},"end":{"line":105,"column":25}},"59":{"start":{"line":108,"column":33},"end":{"line":138,"column":1}},"60":{"start":{"line":113,"column":18},"end":{"line":113,"column":60}},"61":{"start":{"line":115,"column":2},"end":{"line":137,"column":4}},"62":{"start":{"line":117,"column":6},"end":{"line":131,"column":12}},"63":{"start":{"line":123,"column":14},"end":{"line":123,"column":29}},"64":{"start":{"line":124,"column":14},"end":{"line":124,"column":24}},"65":{"start":{"line":140,"column":0},"end":{"line":152,"column":2}},"66":{"start":{"line":142,"column":28},"end":{"line":142,"column":54}},"67":{"start":{"line":143,"column":4},"end":{"line":143,"column":37}},"68":{"start":{"line":145,"column":18},"end":{"line":145,"column":47}},"69":{"start":{"line":146,"column":4},"end":{"line":148,"column":5}},"70":{"start":{"line":147,"column":6},"end":{"line":147,"column":55}},"71":{"start":{"line":149,"column":4},"end":{"line":149,"column":18}},"72":{"start":{"line":151,"column":13},"end":{"line":151,"column":34}},"73":{"start":{"line":154,"column":0},"end":{"line":157,"column":1}},"74":{"start":{"line":156,"column":2},"end":{"line":156,"column":23}},"75":{"start":{"line":159,"column":23},"end":{"line":163,"column":1}},"76":{"start":{"line":160,"column":22},"end":{"line":160,"column":54}},"77":{"start":{"line":161,"column":19},"end":{"line":161,"column":48}},"78":{"start":{"line":162,"column":16},"end":{"line":162,"column":40}},"79":{"start":{"line":165,"column":23},"end":{"line":169,"column":1}},"80":{"start":{"line":166,"column":20},"end":{"line":166,"column":45}},"81":{"start":{"line":167,"column":27},"end":{"line":167,"column":58}},"82":{"start":{"line":168,"column":21},"end":{"line":168,"column":38}},"83":{"start":{"line":171,"column":27},"end":{"line":177,"column":1}},"84":{"start":{"line":172,"column":28},"end":{"line":172,"column":57}},"85":{"start":{"line":173,"column":30},"end":{"line":173,"column":73}},"86":{"start":{"line":174,"column":27},"end":{"line":174,"column":55}},"87":{"start":{"line":175,"column":32},"end":{"line":175,"column":66}},"88":{"start":{"line":176,"column":26},"end":{"line":176,"column":57}},"89":{"start":{"line":179,"column":33},"end":{"line":185,"column":1}},"90":{"start":{"line":180,"column":35},"end":{"line":180,"column":83}},"91":{"start":{"line":181,"column":46},"end":{"line":181,"column":96}},"92":{"start":{"line":182,"column":34},"end":{"line":182,"column":68}},"93":{"start":{"line":183,"column":38},"end":{"line":183,"column":77}},"94":{"start":{"line":184,"column":32},"end":{"line":184,"column":68}},"95":{"start":{"line":187,"column":28},"end":{"line":189,"column":1}},"96":{"start":{"line":188,"column":27},"end":{"line":188,"column":65}},"97":{"start":{"line":191,"column":28},"end":{"line":196,"column":1}},"98":{"start":{"line":192,"column":21},"end":{"line":192,"column":51}},"99":{"start":{"line":193,"column":31},"end":{"line":193,"column":90}},"100":{"start":{"line":194,"column":23},"end":{"line":194,"column":55}},"101":{"start":{"line":195,"column":24},"end":{"line":195,"column":57}},"102":{"start":{"line":198,"column":22},"end":{"line":200,"column":1}},"103":{"start":{"line":199,"column":26},"end":{"line":199,"column":53}},"104":{"start":{"line":202,"column":31},"end":{"line":206,"column":1}},"105":{"start":{"line":203,"column":32},"end":{"line":203,"column":69}},"106":{"start":{"line":204,"column":28},"end":{"line":204,"column":60}},"107":{"start":{"line":205,"column":22},"end":{"line":205,"column":60}},"108":{"start":{"line":208,"column":25},"end":{"line":213,"column":1}},"109":{"start":{"line":210,"column":4},"end":{"line":212,"column":6}},"110":{"start":{"line":215,"column":39},"end":{"line":223,"column":1}},"111":{"start":{"line":216,"column":39},"end":{"line":216,"column":93}},"112":{"start":{"line":217,"column":38},"end":{"line":217,"column":91}},"113":{"start":{"line":218,"column":28},"end":{"line":218,"column":73}},"114":{"start":{"line":219,"column":33},"end":{"line":221,"column":4}},"115":{"start":{"line":222,"column":27},"end":{"line":222,"column":93}}},"fnMap":{"0":{"name":"(anonymous_0)","decl":{"start":{"line":4,"column":20},"end":{"line":4,"column":21}},"loc":{"start":{"line":4,"column":26},"end":{"line":10,"column":1}},"line":4},"1":{"name":"(anonymous_1)","decl":{"start":{"line":19,"column":23},"end":{"line":19,"column":24}},"loc":{"start":{"line":19,"column":39},"end":{"line":39,"column":1}},"line":19},"2":{"name":"(anonymous_2)","decl":{"start":{"line":21,"column":29},"end":{"line":21,"column":30}},"loc":{"start":{"line":21,"column":35},"end":{"line":21,"column":53}},"line":21},"3":{"name":"(anonymous_3)","decl":{"start":{"line":41,"column":26},"end":{"line":41,"column":27}},"loc":{"start":{"line":41,"column":38},"end":{"line":64,"column":1}},"line":41},"4":{"name":"(anonymous_4)","decl":{"start":{"line":52,"column":12},"end":{"line":52,"column":13}},"loc":{"start":{"line":52,"column":39},"end":{"line":52,"column":109}},"line":52},"5":{"name":"(anonymous_5)","decl":{"start":{"line":54,"column":43},"end":{"line":54,"column":44}},"loc":{"start":{"line":54,"column":53},"end":{"line":54,"column":73}},"line":54},"6":{"name":"(anonymous_6)","decl":{"start":{"line":67,"column":27},"end":{"line":67,"column":28}},"loc":{"start":{"line":67,"column":33},"end":{"line":81,"column":1}},"line":67},"7":{"name":"(anonymous_7)","decl":{"start":{"line":83,"column":34},"end":{"line":83,"column":35}},"loc":{"start":{"line":83,"column":40},"end":{"line":83,"column":80}},"line":83},"8":{"name":"(anonymous_8)","decl":{"start":{"line":83,"column":67},"end":{"line":83,"column":68}},"loc":{"start":{"line":83,"column":73},"end":{"line":83,"column":79}},"line":83},"9":{"name":"(anonymous_9)","decl":{"start":{"line":90,"column":27},"end":{"line":90,"column":28}},"loc":{"start":{"line":90,"column":93},"end":{"line":106,"column":1}},"line":90},"10":{"name":"(anonymous_10)","decl":{"start":{"line":108,"column":33},"end":{"line":108,"column":34}},"loc":{"start":{"line":112,"column":6},"end":{"line":138,"column":1}},"line":112},"11":{"name":"(anonymous_11)","decl":{"start":{"line":116,"column":4},"end":{"line":116,"column":5}},"loc":{"start":{"line":117,"column":6},"end":{"line":131,"column":12}},"line":117},"12":{"name":"(anonymous_12)","decl":{"start":{"line":122,"column":21},"end":{"line":122,"column":22}},"loc":{"start":{"line":122,"column":27},"end":{"line":125,"column":13}},"line":122},"13":{"name":"(anonymous_13)","decl":{"start":{"line":141,"column":2},"end":{"line":141,"column":3}},"loc":{"start":{"line":141,"column":20},"end":{"line":150,"column":3}},"line":141},"14":{"name":"(anonymous_14)","decl":{"start":{"line":151,"column":2},"end":{"line":151,"column":3}},"loc":{"start":{"line":151,"column":13},"end":{"line":151,"column":34}},"line":151},"15":{"name":"(anonymous_15)","decl":{"start":{"line":160,"column":12},"end":{"line":160,"column":13}},"loc":{"start":{"line":160,"column":22},"end":{"line":160,"column":54}},"line":160},"16":{"name":"(anonymous_16)","decl":{"start":{"line":161,"column":9},"end":{"line":161,"column":10}},"loc":{"start":{"line":161,"column":19},"end":{"line":161,"column":48}},"line":161},"17":{"name":"(anonymous_17)","decl":{"start":{"line":162,"column":10},"end":{"line":162,"column":11}},"loc":{"start":{"line":162,"column":16},"end":{"line":162,"column":40}},"line":162},"18":{"name":"(anonymous_18)","decl":{"start":{"line":166,"column":14},"end":{"line":166,"column":15}},"loc":{"start":{"line":166,"column":20},"end":{"line":166,"column":45}},"line":166},"19":{"name":"(anonymous_19)","decl":{"start":{"line":167,"column":17},"end":{"line":167,"column":18}},"loc":{"start":{"line":167,"column":27},"end":{"line":167,"column":58}},"line":167},"20":{"name":"(anonymous_20)","decl":{"start":{"line":168,"column":15},"end":{"line":168,"column":16}},"loc":{"start":{"line":168,"column":21},"end":{"line":168,"column":38}},"line":168},"21":{"name":"(anonymous_21)","decl":{"start":{"line":172,"column":18},"end":{"line":172,"column":19}},"loc":{"start":{"line":172,"column":28},"end":{"line":172,"column":57}},"line":172},"22":{"name":"(anonymous_22)","decl":{"start":{"line":173,"column":17},"end":{"line":173,"column":18}},"loc":{"start":{"line":173,"column":30},"end":{"line":173,"column":73}},"line":173},"23":{"name":"(anonymous_23)","decl":{"start":{"line":174,"column":19},"end":{"line":174,"column":20}},"loc":{"start":{"line":174,"column":27},"end":{"line":174,"column":55}},"line":174},"24":{"name":"(anonymous_24)","decl":{"start":{"line":175,"column":18},"end":{"line":175,"column":19}},"loc":{"start":{"line":175,"column":32},"end":{"line":175,"column":66}},"line":175},"25":{"name":"(anonymous_25)","decl":{"start":{"line":176,"column":18},"end":{"line":176,"column":19}},"loc":{"start":{"line":176,"column":26},"end":{"line":176,"column":57}},"line":176},"26":{"name":"(anonymous_26)","decl":{"start":{"line":180,"column":22},"end":{"line":180,"column":23}},"loc":{"start":{"line":180,"column":35},"end":{"line":180,"column":83}},"line":180},"27":{"name":"(anonymous_27)","decl":{"start":{"line":181,"column":30},"end":{"line":181,"column":31}},"loc":{"start":{"line":181,"column":46},"end":{"line":181,"column":96}},"line":181},"28":{"name":"(anonymous_28)","decl":{"start":{"line":182,"column":24},"end":{"line":182,"column":25}},"loc":{"start":{"line":182,"column":34},"end":{"line":182,"column":68}},"line":182},"29":{"name":"(anonymous_29)","decl":{"start":{"line":183,"column":24},"end":{"line":183,"column":25}},"loc":{"start":{"line":183,"column":38},"end":{"line":183,"column":77}},"line":183},"30":{"name":"(anonymous_30)","decl":{"start":{"line":184,"column":24},"end":{"line":184,"column":25}},"loc":{"start":{"line":184,"column":32},"end":{"line":184,"column":68}},"line":184},"31":{"name":"(anonymous_31)","decl":{"start":{"line":188,"column":17},"end":{"line":188,"column":18}},"loc":{"start":{"line":188,"column":27},"end":{"line":188,"column":65}},"line":188},"32":{"name":"(anonymous_32)","decl":{"start":{"line":192,"column":15},"end":{"line":192,"column":16}},"loc":{"start":{"line":192,"column":21},"end":{"line":192,"column":51}},"line":192},"33":{"name":"(anonymous_33)","decl":{"start":{"line":193,"column":19},"end":{"line":193,"column":20}},"loc":{"start":{"line":193,"column":31},"end":{"line":193,"column":90}},"line":193},"34":{"name":"(anonymous_34)","decl":{"start":{"line":194,"column":17},"end":{"line":194,"column":18}},"loc":{"start":{"line":194,"column":23},"end":{"line":194,"column":55}},"line":194},"35":{"name":"(anonymous_35)","decl":{"start":{"line":195,"column":18},"end":{"line":195,"column":19}},"loc":{"start":{"line":195,"column":24},"end":{"line":195,"column":57}},"line":195},"36":{"name":"(anonymous_36)","decl":{"start":{"line":199,"column":16},"end":{"line":199,"column":17}},"loc":{"start":{"line":199,"column":26},"end":{"line":199,"column":53}},"line":199},"37":{"name":"(anonymous_37)","decl":{"start":{"line":203,"column":20},"end":{"line":203,"column":21}},"loc":{"start":{"line":203,"column":32},"end":{"line":203,"column":69}},"line":203},"38":{"name":"(anonymous_38)","decl":{"start":{"line":204,"column":18},"end":{"line":204,"column":19}},"loc":{"start":{"line":204,"column":28},"end":{"line":204,"column":60}},"line":204},"39":{"name":"(anonymous_39)","decl":{"start":{"line":205,"column":14},"end":{"line":205,"column":15}},"loc":{"start":{"line":205,"column":22},"end":{"line":205,"column":60}},"line":205},"40":{"name":"(anonymous_40)","decl":{"start":{"line":209,"column":22},"end":{"line":209,"column":23}},"loc":{"start":{"line":210,"column":4},"end":{"line":212,"column":6}},"line":210},"41":{"name":"(anonymous_41)","decl":{"start":{"line":216,"column":23},"end":{"line":216,"column":24}},"loc":{"start":{"line":216,"column":39},"end":{"line":216,"column":93}},"line":216},"42":{"name":"(anonymous_42)","decl":{"start":{"line":217,"column":22},"end":{"line":217,"column":23}},"loc":{"start":{"line":217,"column":38},"end":{"line":217,"column":91}},"line":217},"43":{"name":"(anonymous_43)","decl":{"start":{"line":218,"column":14},"end":{"line":218,"column":15}},"loc":{"start":{"line":218,"column":28},"end":{"line":218,"column":73}},"line":218},"44":{"name":"(anonymous_44)","decl":{"start":{"line":219,"column":15},"end":{"line":219,"column":16}},"loc":{"start":{"line":219,"column":33},"end":{"line":221,"column":4}},"line":219},"45":{"name":"(anonymous_45)","decl":{"start":{"line":222,"column":14},"end":{"line":222,"column":15}},"loc":{"start":{"line":222,"column":27},"end":{"line":222,"column":93}},"line":222}},"branchMap":{"0":{"loc":{"start":{"line":12,"column":16},"end":{"line":12,"column":35}},"type":"binary-expr","locations":[{"start":{"line":12,"column":16},"end":{"line":12,"column":29}},{"start":{"line":12,"column":33},"end":{"line":12,"column":35}}],"line":12},"1":{"loc":{"start":{"line":13,"column":16},"end":{"line":13,"column":80}},"type":"cond-expr","locations":[{"start":{"line":13,"column":64},"end":{"line":13,"column":75}},{"start":{"line":13,"column":78},"end":{"line":13,"column":80}}],"line":13},"2":{"loc":{"start":{"line":13,"column":16},"end":{"line":13,"column":61}},"type":"binary-expr","locations":[{"start":{"line":13,"column":16},"end":{"line":13,"column":46}},{"start":{"line":13,"column":50},"end":{"line":13,"column":61}}],"line":13},"3":{"loc":{"start":{"line":14,"column":24},"end":{"line":14,"column":68}},"type":"binary-expr","locations":[{"start":{"line":14,"column":24},"end":{"line":14,"column":44}},{"start":{"line":14,"column":48},"end":{"line":14,"column":68}}],"line":14},"4":{"loc":{"start":{"line":15,"column":14},"end":{"line":15,"column":96}},"type":"cond-expr","locations":[{"start":{"line":15,"column":49},"end":{"line":15,"column":60}},{"start":{"line":15,"column":63},"end":{"line":15,"column":96}}],"line":15},"5":{"loc":{"start":{"line":17,"column":32},"end":{"line":17,"column":86}},"type":"binary-expr","locations":[{"start":{"line":17,"column":32},"end":{"line":17,"column":53}},{"start":{"line":17,"column":57},"end":{"line":17,"column":78}},{"start":{"line":17,"column":82},"end":{"line":17,"column":86}}],"line":17},"6":{"loc":{"start":{"line":29,"column":4},"end":{"line":31,"column":5}},"type":"if","locations":[{"start":{"line":29,"column":4},"end":{"line":31,"column":5}},{"start":{},"end":{}}],"line":29},"7":{"loc":{"start":{"line":42,"column":2},"end":{"line":44,"column":3}},"type":"if","locations":[{"start":{"line":42,"column":2},"end":{"line":44,"column":3}},{"start":{},"end":{}}],"line":42},"8":{"loc":{"start":{"line":47,"column":2},"end":{"line":49,"column":3}},"type":"if","locations":[{"start":{"line":47,"column":2},"end":{"line":49,"column":3}},{"start":{},"end":{}}],"line":47},"9":{"loc":{"start":{"line":52,"column":39},"end":{"line":52,"column":109}},"type":"binary-expr","locations":[{"start":{"line":52,"column":39},"end":{"line":52,"column":61}},{"start":{"line":52,"column":65},"end":{"line":52,"column":73}},{"start":{"line":52,"column":77},"end":{"line":52,"column":109}}],"line":52},"10":{"loc":{"start":{"line":58,"column":2},"end":{"line":61,"column":3}},"type":"if","locations":[{"start":{"line":58,"column":2},"end":{"line":61,"column":3}},{"start":{},"end":{}}],"line":58},"11":{"loc":{"start":{"line":68,"column":2},"end":{"line":70,"column":3}},"type":"if","locations":[{"start":{"line":68,"column":2},"end":{"line":70,"column":3}},{"start":{},"end":{}}],"line":68},"12":{"loc":{"start":{"line":72,"column":2},"end":{"line":74,"column":3}},"type":"if","locations":[{"start":{"line":72,"column":2},"end":{"line":74,"column":3}},{"start":{},"end":{}}],"line":72},"13":{"loc":{"start":{"line":76,"column":2},"end":{"line":78,"column":3}},"type":"if","locations":[{"start":{"line":76,"column":2},"end":{"line":78,"column":3}},{"start":{},"end":{}}],"line":76},"14":{"loc":{"start":{"line":86,"column":11},"end":{"line":86,"column":36}},"type":"binary-expr","locations":[{"start":{"line":86,"column":11},"end":{"line":86,"column":26}},{"start":{"line":86,"column":30},"end":{"line":86,"column":36}}],"line":86},"15":{"loc":{"start":{"line":90,"column":35},"end":{"line":90,"column":88}},"type":"default-arg","locations":[{"start":{"line":90,"column":53},"end":{"line":90,"column":88}}],"line":90},"16":{"loc":{"start":{"line":93,"column":2},"end":{"line":95,"column":3}},"type":"if","locations":[{"start":{"line":93,"column":2},"end":{"line":95,"column":3}},{"start":{},"end":{}}],"line":93},"17":{"loc":{"start":{"line":93,"column":6},"end":{"line":93,"column":60}},"type":"binary-expr","locations":[{"start":{"line":93,"column":6},"end":{"line":93,"column":21}},{"start":{"line":93,"column":25},"end":{"line":93,"column":60}}],"line":93},"18":{"loc":{"start":{"line":97,"column":2},"end":{"line":99,"column":3}},"type":"if","locations":[{"start":{"line":97,"column":2},"end":{"line":99,"column":3}},{"start":{},"end":{}}],"line":97},"19":{"loc":{"start":{"line":101,"column":2},"end":{"line":103,"column":3}},"type":"if","locations":[{"start":{"line":101,"column":2},"end":{"line":103,"column":3}},{"start":{},"end":{}}],"line":101},"20":{"loc":{"start":{"line":119,"column":9},"end":{"line":130,"column":9}},"type":"binary-expr","locations":[{"start":{"line":119,"column":9},"end":{"line":119,"column":16}},{"start":{"line":120,"column":10},"end":{"line":129,"column":19}}],"line":119},"21":{"loc":{"start":{"line":146,"column":4},"end":{"line":148,"column":5}},"type":"if","locations":[{"start":{"line":146,"column":4},"end":{"line":148,"column":5}},{"start":{},"end":{}}],"line":146},"22":{"loc":{"start":{"line":154,"column":0},"end":{"line":157,"column":1}},"type":"if","locations":[{"start":{"line":154,"column":0},"end":{"line":157,"column":1}},{"start":{},"end":{}}],"line":154}},"s":{"0":1,"1":1,"2":1,"3":1,"4":1,"5":1,"6":1,"7":1,"8":1,"9":1,"10":1,"11":6,"12":6,"13":0,"14":6,"15":6,"16":0,"17":0,"18":6,"19":6,"20":0,"21":1,"22":1,"23":0,"24":1,"25":1,"26":0,"27":1,"28":7,"29":1,"30":6,"31":1,"32":1,"33":1,"34":0,"35":0,"36":1,"37":1,"38":1,"39":1,"40":0,"41":1,"42":0,"43":1,"44":1,"45":1,"46":1,"47":1,"48":0,"49":1,"50":1,"51":0,"52":0,"53":0,"54":0,"55":0,"56":0,"57":0,"58":0,"59":1,"60":0,"61":0,"62":0,"63":0,"64":0,"65":1,"66":0,"67":0,"68":0,"69":0,"70":0,"71":0,"72":0,"73":1,"74":1,"75":1,"76":0,"77":0,"78":0,"79":1,"80":0,"81":0,"82":0,"83":1,"84":0,"85":0,"86":0,"87":0,"88":0,"89":1,"90":0,"91":0,"92":0,"93":0,"94":0,"95":1,"96":0,"97":1,"98":0,"99":0,"100":0,"101":0,"102":1,"103":0,"104":1,"105":0,"106":0,"107":0,"108":1,"109":0,"110":1,"111":0,"112":0,"113":0,"114":0,"115":0},"f":{"0":1,"1":6,"2":0,"3":1,"4":7,"5":6,"6":1,"7":1,"8":0,"9":0,"10":0,"11":0,"12":0,"13":0,"14":0,"15":0,"16":0,"17":0,"18":0,"19":0,"20":0,"21":0,"22":0,"23":0,"24":0,"25":0,"26":0,"27":0,"28":0,"29":0,"30":0,"31":0,"32":0,"33":0,"34":0,"35":0,"36":0,"37":0,"38":0,"39":0,"40":0,"41":0,"42":0,"43":0,"44":0,"45":0},"b":{"0":[1,1],"1":[1,0],"2":[1,1],"3":[1,1],"4":[0,1],"5":[1,1,1],"6":[0,0],"7":[0,1],"8":[0,1],"9":[7,7,7],"10":[0,1],"11":[0,1],"12":[0,1],"13":[1,0],"14":[1,1],"15":[0],"16":[0,0],"17":[0,0],"18":[0,0],"19":[0,0],"20":[0,0],"21":[0,0],"22":[1,0]},"_coverageSchema":"1a1c01bbd47fc00a2c39e90264f33305004495a9","hash":"6ed3aefacb9f6935ea505eaaf371cabb6e3d3e2e"}
}
