TN:
SF:src\components\Navigation.js
FN:8,(anonymous_0)
FN:9,(anonymous_1)
FN:16,(anonymous_2)
FN:17,(anonymous_3)
FN:21,(anonymous_4)
FN:24,(anonymous_5)
FN:28,(anonymous_6)
FN:40,(anonymous_7)
FN:106,(anonymous_8)
FNF:9
FNH:6
FNDA:1,(anonymous_0)
FNDA:2,(anonymous_1)
FNDA:1,(anonymous_2)
FNDA:0,(anonymous_3)
FNDA:1,(anonymous_4)
FNDA:1,(anonymous_5)
FNDA:0,(anonymous_6)
FNDA:3,(anonymous_7)
FNDA:0,(anonymous_8)
DA:8,1
DA:9,2
DA:10,1
DA:11,1
DA:12,1
DA:13,1
DA:14,1
DA:16,1
DA:17,1
DA:18,0
DA:20,1
DA:21,1
DA:24,1
DA:25,1
DA:28,1
DA:29,0
DA:30,0
DA:32,0
DA:33,0
DA:36,1
DA:40,1
DA:41,3
DA:48,1
DA:106,0
LF:24
LH:18
BRDA:37,0,0,0
BRDA:37,0,1,1
BRDA:42,1,0,0
BRDA:42,1,1,3
BRDA:70,2,0,0
BRDA:70,2,1,1
BRDA:77,3,0,0
BRDA:77,3,1,0
BRDA:80,4,0,0
BRDA:80,4,1,0
BRDA:108,5,0,0
BRDA:108,5,1,1
BRDA:113,6,0,1
BRDA:113,6,1,0
BRDA:121,7,0,0
BRDA:121,7,1,0
BRF:16
BRH:5
end_of_record
TN:
SF:src\redux\authSlice.js
FN:15,(anonymous_0)
FN:18,(anonymous_1)
FN:24,(anonymous_2)
FN:30,(anonymous_3)
FN:33,(anonymous_4)
FNF:5
FNH:0
FNDA:0,(anonymous_0)
FNDA:0,(anonymous_1)
FNDA:0,(anonymous_2)
FNDA:0,(anonymous_3)
FNDA:0,(anonymous_4)
DA:3,1
DA:11,1
DA:16,0
DA:19,0
DA:20,0
DA:21,0
DA:22,0
DA:25,0
DA:26,0
DA:27,0
DA:28,0
DA:31,0
DA:34,0
DA:39,1
LF:14
LH:3
BRDA:5,0,0,1
BRDA:5,0,1,1
BRF:2
BRH:2
end_of_record
TN:
SF:src\services\api.js
FN:4,(anonymous_0)
FN:19,(anonymous_1)
FN:21,(anonymous_2)
FN:41,(anonymous_3)
FN:52,(anonymous_4)
FN:54,(anonymous_5)
FN:67,(anonymous_6)
FN:83,(anonymous_7)
FN:83,(anonymous_8)
FN:90,(anonymous_9)
FN:108,(anonymous_10)
FN:116,(anonymous_11)
FN:122,(anonymous_12)
FN:141,(anonymous_13)
FN:151,(anonymous_14)
FN:160,(anonymous_15)
FN:161,(anonymous_16)
FN:162,(anonymous_17)
FN:166,(anonymous_18)
FN:167,(anonymous_19)
FN:168,(anonymous_20)
FN:172,(anonymous_21)
FN:173,(anonymous_22)
FN:174,(anonymous_23)
FN:175,(anonymous_24)
FN:176,(anonymous_25)
FN:180,(anonymous_26)
FN:181,(anonymous_27)
FN:182,(anonymous_28)
FN:183,(anonymous_29)
FN:184,(anonymous_30)
FN:188,(anonymous_31)
FN:192,(anonymous_32)
FN:193,(anonymous_33)
FN:194,(anonymous_34)
FN:195,(anonymous_35)
FN:199,(anonymous_36)
FN:203,(anonymous_37)
FN:204,(anonymous_38)
FN:205,(anonymous_39)
FN:209,(anonymous_40)
FN:216,(anonymous_41)
FN:217,(anonymous_42)
FN:218,(anonymous_43)
FN:219,(anonymous_44)
FN:222,(anonymous_45)
FNF:46
FNH:7
FNDA:1,(anonymous_0)
FNDA:6,(anonymous_1)
FNDA:0,(anonymous_2)
FNDA:1,(anonymous_3)
FNDA:7,(anonymous_4)
FNDA:6,(anonymous_5)
FNDA:1,(anonymous_6)
FNDA:1,(anonymous_7)
FNDA:0,(anonymous_8)
FNDA:0,(anonymous_9)
FNDA:0,(anonymous_10)
FNDA:0,(anonymous_11)
FNDA:0,(anonymous_12)
FNDA:0,(anonymous_13)
FNDA:0,(anonymous_14)
FNDA:0,(anonymous_15)
FNDA:0,(anonymous_16)
FNDA:0,(anonymous_17)
FNDA:0,(anonymous_18)
FNDA:0,(anonymous_19)
FNDA:0,(anonymous_20)
FNDA:0,(anonymous_21)
FNDA:0,(anonymous_22)
FNDA:0,(anonymous_23)
FNDA:0,(anonymous_24)
FNDA:0,(anonymous_25)
FNDA:0,(anonymous_26)
FNDA:0,(anonymous_27)
FNDA:0,(anonymous_28)
FNDA:0,(anonymous_29)
FNDA:0,(anonymous_30)
FNDA:0,(anonymous_31)
FNDA:0,(anonymous_32)
FNDA:0,(anonymous_33)
FNDA:0,(anonymous_34)
FNDA:0,(anonymous_35)
FNDA:0,(anonymous_36)
FNDA:0,(anonymous_37)
FNDA:0,(anonymous_38)
FNDA:0,(anonymous_39)
FNDA:0,(anonymous_40)
FNDA:0,(anonymous_41)
FNDA:0,(anonymous_42)
FNDA:0,(anonymous_43)
FNDA:0,(anonymous_44)
FNDA:0,(anonymous_45)
DA:4,1
DA:5,1
DA:6,1
DA:8,1
DA:12,1
DA:13,1
DA:14,1
DA:15,1
DA:16,1
DA:17,1
DA:19,1
DA:20,6
DA:21,6
DA:23,6
DA:24,6
DA:29,0
DA:30,0
DA:33,6
DA:35,6
DA:38,0
DA:41,1
DA:42,1
DA:43,0
DA:46,1
DA:47,1
DA:48,0
DA:51,1
DA:52,7
DA:54,6
DA:55,1
DA:56,1
DA:58,1
DA:59,0
DA:60,0
DA:63,1
DA:66,1
DA:67,1
DA:68,1
DA:69,0
DA:72,1
DA:73,0
DA:76,1
DA:77,1
DA:80,1
DA:83,1
DA:85,1
DA:90,1
DA:91,0
DA:93,0
DA:94,0
DA:97,0
DA:98,0
DA:101,0
DA:102,0
DA:105,0
DA:108,1
DA:113,0
DA:115,0
DA:117,0
DA:123,0
DA:124,0
DA:140,1
DA:142,0
DA:143,0
DA:145,0
DA:146,0
DA:147,0
DA:149,0
DA:151,0
DA:154,1
DA:156,1
DA:159,1
DA:160,0
DA:161,0
DA:162,0
DA:165,1
DA:166,0
DA:167,0
DA:168,0
DA:171,1
DA:172,0
DA:173,0
DA:174,0
DA:175,0
DA:176,0
DA:179,1
DA:180,0
DA:181,0
DA:182,0
DA:183,0
DA:184,0
DA:187,1
DA:188,0
DA:191,1
DA:192,0
DA:193,0
DA:194,0
DA:195,0
DA:198,1
DA:199,0
DA:202,1
DA:203,0
DA:204,0
DA:205,0
DA:208,1
DA:210,0
DA:215,1
DA:216,0
DA:217,0
DA:218,0
DA:219,0
DA:222,0
LF:112
LH:52
BRDA:12,0,0,1
BRDA:12,0,1,1
BRDA:13,1,0,1
BRDA:13,1,1,0
BRDA:13,2,0,1
BRDA:13,2,1,1
BRDA:14,3,0,1
BRDA:14,3,1,1
BRDA:15,4,0,0
BRDA:15,4,1,1
BRDA:17,5,0,1
BRDA:17,5,1,1
BRDA:17,5,2,1
BRDA:29,6,0,0
BRDA:29,6,1,0
BRDA:42,7,0,0
BRDA:42,7,1,1
BRDA:47,8,0,0
BRDA:47,8,1,1
BRDA:52,9,0,7
BRDA:52,9,1,7
BRDA:52,9,2,7
BRDA:58,10,0,0
BRDA:58,10,1,1
BRDA:68,11,0,0
BRDA:68,11,1,1
BRDA:72,12,0,0
BRDA:72,12,1,1
BRDA:76,13,0,1
BRDA:76,13,1,0
BRDA:86,14,0,1
BRDA:86,14,1,1
BRDA:90,15,0,0
BRDA:93,16,0,0
BRDA:93,16,1,0
BRDA:93,17,0,0
BRDA:93,17,1,0
BRDA:97,18,0,0
BRDA:97,18,1,0
BRDA:101,19,0,0
BRDA:101,19,1,0
BRDA:119,20,0,0
BRDA:119,20,1,0
BRDA:146,21,0,0
BRDA:146,21,1,0
BRDA:154,22,0,1
BRDA:154,22,1,0
BRF:47
BRH:23
end_of_record
